[02-Feb-2021 18:04:03 Europe/London] PHP Fatal error:  Uncaught Error: Call to a member function _fetch_db_rows() on null in G:\AppServ\www\sharpe-maths\_stdlib\_classes\_navbar\_class_navbar.php:155
Stack trace:
#0 G:\AppServ\www\sharpe-maths\_stdlib\_classes\_navbar\_templates\_navbar_template.php(2): _navbar->_fetch_array_of_menu_sections()
#1 G:\AppServ\www\sharpe-maths\_stdlib\_classes\_navbar\_class_navbar.php(6): include_once('G:\\AppServ\\www\\...')
#2 G:\AppServ\www\sharpe-maths\main.php(24): _navbar->__construct()
#3 G:\AppServ\www\sharpe-maths\index.php(389): include_once('G:\\AppServ\\www\\...')
#4 {main}
  thrown in G:\AppServ\www\sharpe-maths\_stdlib\_classes\_navbar\_class_navbar.php on line 155
[02-Feb-2021 18:04:59 Europe/London] PHP Fatal error:  Uncaught Error: Call to undefined method _navbar::_get_topic_order() in G:\AppServ\www\sharpe-maths\main.php:25
Stack trace:
#0 G:\AppServ\www\sharpe-maths\index.php(389): include_once()
#1 {main}
  thrown in G:\AppServ\www\sharpe-maths\main.php on line 25
[02-Feb-2021 18:05:02 Europe/London] PHP Fatal error:  Uncaught Error: Call to undefined method _navbar::_get_topic_order() in G:\AppServ\www\sharpe-maths\main.php:25
Stack trace:
#0 G:\AppServ\www\sharpe-maths\index.php(389): include_once()
#1 {main}
  thrown in G:\AppServ\www\sharpe-maths\main.php on line 25
[02-Feb-2021 18:14:25 Europe/London] PHP Fatal error:  Uncaught Error: Call to undefined method _navbar::_fetch_menu_logout_jq() in G:\AppServ\www\sharpe-maths\_stdlib\_classes\_navbar\_templates\_navbar_template.php:11
Stack trace:
#0 G:\AppServ\www\sharpe-maths\_stdlib\_classes\_navbar\_class_navbar.php(11): include_once()
#1 G:\AppServ\www\sharpe-maths\main.php(24): _navbar->__construct()
#2 G:\AppServ\www\sharpe-maths\index.php(389): include_once('G:\\AppServ\\www\\...')
#3 {main}
  thrown in G:\AppServ\www\sharpe-maths\_stdlib\_classes\_navbar\_templates\_navbar_template.php on line 11
[03-Feb-2021 17:52:44 Europe/London] PHP Fatal error:  Uncaught Error: Call to undefined method _pages::_set_page_id() in G:\AppServ\www\sharpe-maths\main_menu.php:42
Stack trace:
#0 G:\AppServ\www\sharpe-maths\main.php(30): include_once()
#1 G:\AppServ\www\sharpe-maths\index.php(432): include_once('G:\\AppServ\\www\\...')
#2 {main}
  thrown in G:\AppServ\www\sharpe-maths\main_menu.php on line 42
[03-Feb-2021 17:55:22 Europe/London] PHP Fatal error:  Uncaught ArgumentCountError: Too few arguments to function _pages::__construct(), 0 passed in G:\AppServ\www\sharpe-maths\main_menu.php on line 41 and exactly 1 expected in G:\AppServ\www\sharpe-maths\_stdlib\_classes\_pages\_class_pages.php:7
Stack trace:
#0 G:\AppServ\www\sharpe-maths\main_menu.php(41): _pages->__construct()
#1 G:\AppServ\www\sharpe-maths\main.php(30): include_once('G:\\AppServ\\www\\...')
#2 G:\AppServ\www\sharpe-maths\index.php(432): include_once('G:\\AppServ\\www\\...')
#3 {main}
  thrown in G:\AppServ\www\sharpe-maths\_stdlib\_classes\_pages\_class_pages.php on line 7
[03-Feb-2021 17:55:37 Europe/London] PHP Fatal error:  Uncaught Error: Call to undefined method _pages::_set_page_id() in G:\AppServ\www\sharpe-maths\main_menu.php:42
Stack trace:
#0 G:\AppServ\www\sharpe-maths\main.php(30): include_once()
#1 G:\AppServ\www\sharpe-maths\index.php(432): include_once('G:\\AppServ\\www\\...')
#2 {main}
  thrown in G:\AppServ\www\sharpe-maths\main_menu.php on line 42
