[25-Nov-2020 14:03:20 Europe/London] PHP Notice:  Undefined offset: 0 in G:\AppServ\www\sharpe-maths\_stdlib\_ajax\_record_order_update.php on line 18
[25-Nov-2020 14:04:15 Europe/London] PHP Notice:  Undefined offset: 0 in G:\AppServ\www\sharpe-maths\_stdlib\_ajax\_record_order_update.php on line 18
[27-Nov-2020 12:46:03 Europe/London] PHP Notice:  Array to string conversion in G:\AppServ\www\sharpe-maths\_stdlib\_ajax\_delete_records.php on line 15
[27-Nov-2020 13:53:11 Europe/London] PHP Notice:  Undefined offset: 0 in G:\AppServ\www\sharpe-maths\_stdlib\_ajax\_record_order_update.php on line 16
[12-Dec-2020 16:57:05 Europe/London] PHP Fatal error:  Uncaught Error: Class '_email_validator' not found in G:\AppServ\www\sharpe-maths\_stdlib\_lib\_stdlib.php:77
Stack trace:
#0 G:\AppServ\www\sharpe-maths\_stdlib\_ajax\_contact_send.php(12): is_genuine_email('rs@idds.uk')
#1 {main}
  thrown in G:\AppServ\www\sharpe-maths\_stdlib\_lib\_stdlib.php on line 77
[12-Dec-2020 16:57:07 Europe/London] PHP Fatal error:  Uncaught Error: Class '_email_validator' not found in G:\AppServ\www\sharpe-maths\_stdlib\_lib\_stdlib.php:77
Stack trace:
#0 G:\AppServ\www\sharpe-maths\_stdlib\_ajax\_contact_send.php(12): is_genuine_email('rs@idds.uk')
#1 {main}
  thrown in G:\AppServ\www\sharpe-maths\_stdlib\_lib\_stdlib.php on line 77
[12-Dec-2020 16:57:37 Europe/London] PHP Fatal error:  Uncaught Error: Class '_email_validator' not found in G:\AppServ\www\sharpe-maths\_stdlib\_lib\_stdlib.php:77
Stack trace:
#0 G:\AppServ\www\sharpe-maths\_stdlib\_ajax\_contact_send.php(12): is_genuine_email('rs@idds.uk')
#1 {main}
  thrown in G:\AppServ\www\sharpe-maths\_stdlib\_lib\_stdlib.php on line 77
[12-Dec-2020 16:57:49 Europe/London] PHP Fatal error:  Uncaught Error: Class '_email_validator' not found in G:\AppServ\www\sharpe-maths\_stdlib\_lib\_stdlib.php:77
Stack trace:
#0 G:\AppServ\www\sharpe-maths\_stdlib\_ajax\_contact_send.php(12): is_genuine_email('rs@idds.uk')
#1 {main}
  thrown in G:\AppServ\www\sharpe-maths\_stdlib\_lib\_stdlib.php on line 77
[12-Dec-2020 17:00:10 Europe/London] PHP Fatal error:  Uncaught Error: Class 'Egulias\EmailValidator\EmailValidator' not found in G:\AppServ\www\sharpe-maths\_stdlib\_classes\_email_validator\_class_email_validator.php:45
Stack trace:
#0 G:\AppServ\www\sharpe-maths\_stdlib\_lib\_stdlib.php(77): _email_validator->__construct()
#1 G:\AppServ\www\sharpe-maths\_stdlib\_ajax\_contact_send.php(12): is_genuine_email('rs@idds.uk')
#2 {main}
  thrown in G:\AppServ\www\sharpe-maths\_stdlib\_classes\_email_validator\_class_email_validator.php on line 45
[12-Dec-2020 17:03:38 Europe/London] PHP Fatal error:  Uncaught Error: Class 'Egulias\EmailValidator\EmailValidator' not found in G:\AppServ\www\sharpe-maths\_stdlib\_classes\_email_validator\_class_email_validator.php:45
Stack trace:
#0 G:\AppServ\www\sharpe-maths\_stdlib\_lib\_stdlib.php(77): _email_validator->__construct()
#1 G:\AppServ\www\sharpe-maths\_stdlib\_ajax\_contact_send.php(12): is_genuine_email('rs@idds.uk')
#2 {main}
  thrown in G:\AppServ\www\sharpe-maths\_stdlib\_classes\_email_validator\_class_email_validator.php on line 45
[12-Dec-2020 17:04:33 Europe/London] PHP Fatal error:  Uncaught Error: Class 'Egulias\EmailValidator\EmailValidator' not found in G:\AppServ\www\sharpe-maths\_stdlib\_classes\_email_validator\_class_email_validator.php:45
Stack trace:
#0 G:\AppServ\www\sharpe-maths\_stdlib\_lib\_stdlib.php(77): _email_validator->__construct()
#1 G:\AppServ\www\sharpe-maths\_stdlib\_ajax\_contact_send.php(12): is_genuine_email('rs@idds.uk')
#2 {main}
  thrown in G:\AppServ\www\sharpe-maths\_stdlib\_classes\_email_validator\_class_email_validator.php on line 45
[12-Dec-2020 17:04:43 Europe/London] PHP Fatal error:  Uncaught Error: Class 'Egulias\EmailValidator\EmailValidator' not found in G:\AppServ\www\sharpe-maths\_stdlib\_classes\_email_validator\_class_email_validator.php:45
Stack trace:
#0 G:\AppServ\www\sharpe-maths\_stdlib\_lib\_stdlib.php(77): _email_validator->__construct()
#1 G:\AppServ\www\sharpe-maths\_stdlib\_ajax\_contact_send.php(12): is_genuine_email('dfsdfs')
#2 {main}
  thrown in G:\AppServ\www\sharpe-maths\_stdlib\_classes\_email_validator\_class_email_validator.php on line 45
[12-Dec-2020 17:05:15 Europe/London] PHP Fatal error:  Uncaught Error: Class 'Egulias\EmailValidator\EmailValidator' not found in G:\AppServ\www\sharpe-maths\_stdlib\_classes\_email_validator\_class_email_validator.php:45
Stack trace:
#0 G:\AppServ\www\sharpe-maths\_stdlib\_lib\_stdlib.php(77): _email_validator->__construct()
#1 G:\AppServ\www\sharpe-maths\_stdlib\_ajax\_contact_send.php(12): is_genuine_email('f')
#2 {main}
  thrown in G:\AppServ\www\sharpe-maths\_stdlib\_classes\_email_validator\_class_email_validator.php on line 45
